2023-08-29T22:24:17.195Z error: URI must include hostname, domain name, and tld
2023-08-29T22:32:56.115Z error: error URI must include hostname, domain name, and tld
2023-08-29T22:33:00.994Z error: error== URI must include hostname, domain name, and tld
2023-08-29T22:34:07.573Z info: Database connection established
2023-08-29T22:34:23.500Z info: Database connection established
2023-08-29T22:36:23.184Z info: Database connection established
2023-08-29T22:37:09.539Z info: Database connection established
2023-08-29T22:38:00.902Z error: Invalid Email/Password
2023-08-29T22:38:00.912Z error: STACK: 
2023-08-29T22:38:06.945Z error: Invalid Email/Password
2023-08-29T22:38:06.946Z error: STACK: 
2023-08-29T22:38:08.862Z error: Invalid Email/Password
2023-08-29T22:38:08.863Z error: STACK: 
2023-08-29T22:39:21.166Z error: Invalid Email/Password
2023-08-29T22:39:21.168Z error: STACK: 
2023-08-29T22:39:22.339Z error: Invalid Email/Password
2023-08-29T22:39:22.340Z error: STACK: 
2023-08-29T22:39:40.206Z error: Invalid Email/Password
2023-08-29T22:39:40.208Z error: STACK: 
2023-08-29T22:40:05.229Z error: Invalid Email/Password
2023-08-29T22:40:05.231Z error: STACK: 
2023-08-29T22:41:42.104Z error: Invalid Email/Password
2023-08-29T22:41:42.105Z error: STACK: 
2023-08-29T22:41:43.168Z error: Invalid Email/Password
2023-08-29T22:41:43.169Z error: STACK: 
2023-08-29T22:41:43.831Z error: Invalid Email/Password
2023-08-29T22:41:43.833Z error: STACK: 
2023-08-29T22:41:44.309Z error: Invalid Email/Password
2023-08-29T22:41:44.310Z error: STACK: 
2023-08-29T22:41:44.718Z error: Invalid Email/Password
2023-08-29T22:41:44.719Z error: STACK: 
2023-08-29T22:41:45.223Z error: Invalid Email/Password
2023-08-29T22:41:45.224Z error: STACK: 
2023-08-29T22:43:32.464Z error: Invalid Email/Password
2023-08-29T22:43:32.465Z error: STACK: 
2023-08-29T22:44:31.304Z error: Invalid Email/Password
2023-08-29T22:44:31.306Z error: STACK: 
2023-08-29T22:44:32.034Z error: Invalid Email/Password
2023-08-29T22:44:32.036Z error: STACK: 
2023-08-29T22:44:32.481Z error: Invalid Email/Password
2023-08-29T22:44:32.481Z error: STACK: 
2023-08-29T22:44:32.891Z error: Invalid Email/Password
2023-08-29T22:44:32.893Z error: STACK: 
2023-08-29T22:44:33.274Z error: Invalid Email/Password
2023-08-29T22:44:33.275Z error: STACK: 
2023-08-29T22:44:33.687Z error: Invalid Email/Password
2023-08-29T22:44:33.688Z error: STACK: 
2023-08-29T22:44:34.037Z error: Invalid Email/Password
2023-08-29T22:44:34.038Z error: STACK: 
2023-08-29T22:44:34.409Z error: Invalid Email/Password
2023-08-29T22:44:34.411Z error: STACK: 
2023-08-29T22:44:34.915Z error: Invalid Email/Password
2023-08-29T22:44:34.916Z error: STACK: 
2023-08-29T22:44:35.275Z error: Invalid Email/Password
2023-08-29T22:44:35.276Z error: STACK: 
2023-08-29T22:51:00.578Z error: Invalid Email/Password
2023-08-29T22:51:00.580Z error: STACK: 
2023-08-29T22:53:45.977Z error: Invalid Email/Password
2023-08-29T22:53:45.978Z error: STACK: 
2023-08-29T22:54:23.907Z error: Invalid Email/Password
2023-08-29T22:54:23.908Z error: STACK: 
2023-08-29T22:57:34.589Z error: Please enter email and password
2023-08-29T22:57:34.593Z error: STACK: 
2023-08-29T22:57:41.252Z error: Please enter email and password
2023-08-29T22:57:41.253Z error: STACK: 
2023-08-29T22:57:59.277Z error: Please enter email and password
2023-08-29T22:57:59.278Z error: STACK: 
2023-08-29T22:58:20.527Z error: Please enter email and password
2023-08-29T22:58:20.528Z error: STACK: 
2023-08-29T22:58:28.877Z error: Please enter email and password
2023-08-29T22:58:28.877Z error: STACK: 
2023-08-29T22:58:46.019Z error: Please enter email and password
2023-08-29T22:58:46.020Z error: STACK: 
2023-08-29T22:59:15.400Z error: Please enter email and password
2023-08-29T22:59:15.401Z error: STACK: 
2023-08-29T23:00:05.322Z error: Invalid Email/Password
2023-08-29T23:00:05.323Z error: STACK: 
2023-08-29T23:07:01.376Z error: Invalid Email/Password
2023-08-29T23:07:01.377Z error: STACK: 
2023-08-29T23:09:14.558Z error: Invalid Email/Password
2023-08-29T23:09:14.559Z error: STACK: 
2023-08-29T23:10:28.061Z error: Invalid Email/Password
2023-08-29T23:10:28.062Z error: STACK: 
2023-08-29T23:10:28.934Z error: Invalid Email/Password
2023-08-29T23:10:28.935Z error: STACK: 
2023-08-29T23:10:29.360Z error: Invalid Email/Password
2023-08-29T23:10:29.361Z error: STACK: 
2023-08-29T23:10:29.744Z error: Invalid Email/Password
2023-08-29T23:10:29.746Z error: STACK: 
2023-08-29T23:10:30.099Z error: Invalid Email/Password
2023-08-29T23:10:30.100Z error: STACK: 
2023-08-29T23:10:30.433Z error: Invalid Email/Password
2023-08-29T23:10:30.434Z error: STACK: 
2023-08-29T23:10:30.808Z error: Invalid Email/Password
2023-08-29T23:10:30.809Z error: STACK: 
2023-08-29T23:10:32.998Z error: Invalid Email/Password
2023-08-29T23:10:32.999Z error: STACK: 
