2023-07-13T10:06:42.102Z info: Database connection established
2023-07-13T12:21:59.297Z info: Database connection established
2023-07-13T12:27:34.027Z info: Database connection established
2023-07-13T12:29:09.966Z info: Database connection established
2023-07-13T12:31:00.310Z error: Cast to ObjectId failed for value "{
  listItem: {
    _id: '64ae87cebacccb44e37a80ad',
    make: 'HONDA FIT',
    model: '2022',
    daily: 299,
    weekly: 399,
    monthly: 499,
    registrationNumber: 'ABB-123',
    description: '',
    images: [],
    invoiceHistory: [],
    createdAt: '2023-07-12T11:00:30.145Z',
    updatedAt: '2023-07-12T11:00:30.145Z',
    __v: 0
  },
  quantity: 1,
  price: 299
}" (type Object) at path "_id" for model "Item"
2023-07-13T12:31:00.314Z error: STACK: 
2023-07-13T12:31:51.379Z error: Cast to ObjectId failed for value "{
  listItem: {
    _id: '64ae87cebacccb44e37a80ad',
    make: 'HONDA FIT',
    model: '2022',
    daily: 299,
    weekly: 399,
    monthly: 499,
    registrationNumber: 'ABB-123',
    description: '',
    images: [],
    invoiceHistory: [],
    createdAt: '2023-07-12T11:00:30.145Z',
    updatedAt: '2023-07-12T11:00:30.145Z',
    __v: 0
  },
  quantity: 1,
  price: 299
}" (type Object) at path "_id" for model "Item"
2023-07-13T12:31:51.380Z error: STACK: 
2023-07-13T12:35:13.009Z error: Cast to ObjectId failed for value "{
  listItem: {
    _id: '64ae87cebacccb44e37a80ad',
    make: 'HONDA FIT',
    model: '2022',
    daily: 299,
    weekly: 399,
    monthly: 499,
    registrationNumber: 'ABB-123',
    description: '',
    images: [],
    invoiceHistory: [],
    createdAt: '2023-07-12T11:00:30.145Z',
    updatedAt: '2023-07-12T11:00:30.145Z',
    __v: 0
  },
  quantity: 1,
  price: 299
}" (type Object) at path "_id" for model "Item"
2023-07-13T12:35:13.010Z error: STACK: 
2023-07-13T12:36:34.944Z error: Cast to ObjectId failed for value "{ listItem: '64ae87cebacccb44e37a80ad', quantity: 1, price: 299 }" (type Object) at path "_id" for model "Item"
2023-07-13T12:36:34.945Z error: STACK: 
2023-07-13T12:38:18.337Z error: Cast to ObjectId failed for value "{ listItem: '64ae87cebacccb44e37a80ad', quantity: 1, price: 299 }" (type Object) at path "_id" for model "Item"
2023-07-13T12:38:18.338Z error: STACK: 
2023-07-13T12:40:21.763Z info: Database connection established
2023-07-13T12:41:29.035Z info: Database connection established
2023-07-13T12:41:56.686Z error: Cast to ObjectId failed for value "{
  listItem: {
    _id: '64ae87cebacccb44e37a80ad',
    make: 'HONDA FIT',
    model: '2022',
    daily: 299,
    weekly: 399,
    monthly: 499,
    registrationNumber: 'ABB-123',
    description: '',
    images: [],
    invoiceHistory: [],
    createdAt: '2023-07-12T11:00:30.145Z',
    updatedAt: '2023-07-12T11:00:30.145Z',
    __v: 0
  },
  quantity: 1,
  price: 299
}" (type Object) at path "_id" for model "Item"
2023-07-13T12:41:56.692Z error: STACK: 
2023-07-13T12:46:01.339Z error: Cast to ObjectId failed for value "{ listItem: '64ae87cebacccb44e37a80ad', quantity: 1, price: 299 }" (type Object) at path "_id" for model "Item"
2023-07-13T12:46:01.342Z error: STACK: 
2023-07-13T12:47:43.906Z info: Database connection established
2023-07-13T12:49:22.104Z info: Database connection established
2023-07-13T12:50:32.365Z error: Cast to ObjectId failed for value "{
  listItem: {
    _id: '64ae87cebacccb44e37a80ad',
    make: 'HONDA FIT',
    model: '2022',
    daily: 299,
    weekly: 399,
    monthly: 499,
    registrationNumber: 'ABB-123',
    description: '',
    images: [],
    invoiceHistory: [],
    createdAt: '2023-07-12T11:00:30.145Z',
    updatedAt: '2023-07-12T11:00:30.145Z',
    __v: 0
  },
  quantity: 1,
  price: 299
}" (type Object) at path "_id" for model "Item"
2023-07-13T12:50:32.372Z error: STACK: 
2023-07-13T12:50:33.805Z error: Cast to ObjectId failed for value "{
  listItem: {
    _id: '64ae87cebacccb44e37a80ad',
    make: 'HONDA FIT',
    model: '2022',
    daily: 299,
    weekly: 399,
    monthly: 499,
    registrationNumber: 'ABB-123',
    description: '',
    images: [],
    invoiceHistory: [],
    createdAt: '2023-07-12T11:00:30.145Z',
    updatedAt: '2023-07-12T11:00:30.145Z',
    __v: 0
  },
  quantity: 1,
  price: 299
}" (type Object) at path "_id" for model "Item"
2023-07-13T12:50:33.807Z error: STACK: 
2023-07-13T12:51:49.393Z error: Cast to ObjectId failed for value "{ listItem: '64ae87cebacccb44e37a80ad', quantity: 1, price: 299 }" (type Object) at path "_id" for model "Item"
2023-07-13T12:51:49.394Z error: STACK: 
2023-07-13T13:01:22.798Z info: Database connection established
2023-07-13T13:19:07.760Z info: Database connection established
2023-07-13T13:20:54.465Z info: Database connection established
2023-07-13T13:41:39.094Z info: Database connection established
2023-07-13T13:42:22.775Z info: Database connection established
2023-07-13T13:42:52.857Z info: Database connection established
2023-07-13T13:43:37.299Z info: Database connection established
2023-07-13T13:44:01.524Z info: Database connection established
2023-07-13T13:46:42.488Z info: Database connection established
2023-07-13T13:47:50.658Z info: Database connection established
2023-07-13T13:50:03.557Z info: Database connection established
2023-07-13T13:50:25.876Z info: Database connection established
2023-07-13T13:51:15.629Z info: Database connection established
2023-07-13T13:51:45.241Z info: Database connection established
2023-07-13T13:52:06.858Z info: Database connection established
2023-07-13T13:52:31.914Z info: Database connection established
2023-07-13T13:53:00.562Z info: Database connection established
2023-07-13T13:55:30.801Z info: Database connection established
2023-07-13T13:56:14.898Z info: Database connection established
2023-07-13T13:58:09.558Z info: Database connection established
2023-07-13T14:16:46.552Z info: Database connection established
2023-07-13T14:18:20.118Z info: Database connection established
2023-07-13T14:23:25.967Z info: Database connection established
2023-07-13T14:23:59.479Z info: Database connection established
2023-07-13T14:24:38.870Z info: Database connection established
2023-07-13T14:25:02.606Z info: Database connection established
2023-07-13T14:25:52.630Z info: Database connection established
2023-07-13T14:26:58.234Z info: Database connection established
2023-07-13T14:28:00.861Z info: Database connection established
2023-07-13T14:28:27.354Z info: Database connection established
2023-07-13T14:29:23.256Z info: Database connection established
2023-07-13T14:30:04.505Z info: Database connection established
2023-07-13T14:30:53.692Z info: Database connection established
2023-07-13T14:31:23.414Z info: Database connection established
2023-07-13T14:32:02.935Z info: Database connection established
2023-07-13T14:34:45.171Z error: Unexpected token } in JSON at position 36
2023-07-13T14:34:45.171Z error: STACK: 
2023-07-13T14:35:58.981Z info: Database connection established
2023-07-13T15:07:36.416Z info: Database connection established
2023-07-13T15:17:49.608Z info: Database connection established
2023-07-13T15:18:43.278Z info: Database connection established
2023-07-13T15:19:32.990Z info: Database connection established
2023-07-13T15:19:58.818Z info: Database connection established
2023-07-13T15:20:55.578Z info: Database connection established
2023-07-13T15:21:16.267Z info: Database connection established
2023-07-13T15:21:33.328Z info: Database connection established
2023-07-13T15:22:52.264Z info: Database connection established
2023-07-13T15:24:02.996Z info: Database connection established
2023-07-13T15:25:02.581Z info: Database connection established
2023-07-13T15:25:18.156Z info: Database connection established
2023-07-13T15:26:00.585Z info: Database connection established
2023-07-13T15:26:27.360Z info: Database connection established
2023-07-13T15:27:11.942Z info: Database connection established
2023-07-13T15:28:05.898Z info: Database connection established
2023-07-13T15:28:30.255Z info: Database connection established
2023-07-13T15:29:08.458Z info: Database connection established
2023-07-13T15:30:45.084Z info: Database connection established
2023-07-13T15:31:23.447Z info: Database connection established
2023-07-13T15:31:48.596Z info: Database connection established
2023-07-13T15:32:24.202Z info: Database connection established
2023-07-13T15:34:59.433Z info: Database connection established
2023-07-13T15:35:45.472Z info: Database connection established
2023-07-13T15:36:40.501Z info: Database connection established
2023-07-13T15:37:07.346Z info: Database connection established
2023-07-13T15:37:26.198Z info: Database connection established
2023-07-13T15:39:08.747Z info: Database connection established
2023-07-13T15:40:03.887Z info: Database connection established
2023-07-13T15:50:44.427Z info: Database connection established
2023-07-13T16:05:11.335Z info: Database connection established
2023-07-13T16:06:19.130Z info: Database connection established
2023-07-13T16:30:22.263Z info: Database connection established
2023-07-13T17:15:47.426Z info: Database connection established
2023-07-13T17:35:44.944Z error: Operation `invoices.findOne()` buffering timed out after 10000ms
2023-07-13T17:35:44.948Z error: STACK: 
2023-07-13T17:35:45.251Z info: Database connection established
2023-07-13T18:02:19.226Z info: Database connection established
2023-07-13T18:02:32.796Z error: Cannot populate path `items.itemList` because it is not in your schema. Set the `strictPopulate` option to false to override.
2023-07-13T18:02:32.801Z error: STACK: 
2023-07-13T18:02:33.052Z error: Cannot populate path `items.itemList` because it is not in your schema. Set the `strictPopulate` option to false to override.
2023-07-13T18:02:33.053Z error: STACK: 
2023-07-13T18:03:12.332Z info: Database connection established
2023-07-13T18:04:08.275Z info: Database connection established
2023-07-13T18:17:33.910Z error: Invoice is already paid
2023-07-13T18:17:33.917Z error: STACK: 
2023-07-13T18:19:19.497Z error: Invoice is already paid
2023-07-13T18:19:19.499Z error: STACK: 
2023-07-13T18:19:49.209Z error: Invoice is already paid
2023-07-13T18:19:49.210Z error: STACK: 
2023-07-13T18:23:03.237Z error: Invoice is already paid
2023-07-13T18:23:03.238Z error: STACK: 
2023-07-13T18:24:43.206Z error: Invoice is already paid
2023-07-13T18:24:43.207Z error: STACK: 
2023-07-13T18:25:31.609Z error: Invoice is already paid
2023-07-13T18:25:31.610Z error: STACK: 
