2023-07-13T21:31:38.878Z info: Database connection established
2023-07-13T22:06:03.382Z error: Cast to ObjectId failed for value "undefined" (type string) at path "_id" for model "Invoice"
2023-07-13T22:06:03.390Z error: STACK: 
2023-07-13T22:06:03.395Z error: Cast to ObjectId failed for value "undefined" (type string) at path "_id" for model "Invoice"
2023-07-13T22:06:03.396Z error: STACK: 
2023-07-13T22:25:38.964Z error: Cast to ObjectId failed for value "undefined" (type string) at path "_id" for model "Invoice"
2023-07-13T22:25:38.966Z error: STACK: 
2023-07-13T22:26:05.955Z error: Cast to ObjectId failed for value "undefined" (type string) at path "_id" for model "Invoice"
2023-07-13T22:26:05.956Z error: STACK: 
2023-07-13T22:26:44.606Z error: Cast to ObjectId failed for value "undefined" (type string) at path "_id" for model "Invoice"
2023-07-13T22:26:44.614Z error: STACK: 
2023-07-13T22:26:45.921Z info: Database connection established
2023-07-13T23:18:05.083Z info: Database connection established
2023-07-13T23:18:53.515Z info: Database connection established
2023-07-13T23:21:28.287Z info: Database connection established
2023-07-13T23:22:05.652Z info: Database connection established
2023-07-13T23:29:22.172Z info: Database connection established
2023-07-13T23:29:41.421Z info: Database connection established
2023-07-13T23:30:22.279Z info: Database connection established
2023-07-13T23:30:38.082Z info: Database connection established
2023-07-13T23:31:03.792Z info: Database connection established
2023-07-13T23:31:26.876Z info: Database connection established
2023-07-13T23:32:17.121Z info: Database connection established
2023-07-13T23:32:54.023Z info: Database connection established
2023-07-13T23:33:43.227Z info: Database connection established
2023-07-13T23:34:02.831Z info: Database connection established
2023-07-13T23:34:48.235Z info: Database connection established
2023-07-13T23:35:43.810Z info: Database connection established
2023-07-13T23:36:15.264Z info: Database connection established
2023-07-13T23:36:46.856Z info: Database connection established
2023-07-13T23:37:10.902Z info: Database connection established
2023-07-13T23:37:34.693Z info: Database connection established
2023-07-13T23:38:45.020Z info: Database connection established
2023-07-13T23:39:06.254Z info: Database connection established
2023-07-13T23:39:27.154Z info: Database connection established
2023-07-14T11:58:41.760Z info: Database connection established
2023-07-14T12:05:14.090Z info: Database connection established
2023-07-14T13:50:23.580Z info: Database connection established
2023-07-14T14:45:00.426Z error: Failed to update billing item
2023-07-14T14:45:00.430Z error: STACK: 
2023-07-14T14:45:19.208Z error: Failed to update billing item
2023-07-14T14:45:19.209Z error: STACK: 
2023-07-14T15:02:45.407Z info: Database connection established
2023-07-14T15:03:09.967Z info: Database connection established
2023-07-14T15:16:20.525Z info: Database connection established
2023-07-14T15:16:36.355Z info: Database connection established
2023-07-14T15:21:56.869Z error: Cast to ObjectId failed for value "undefined" (type string) at path "_id" for model "Vendor"
2023-07-14T15:21:56.875Z error: STACK: 
2023-07-14T15:22:10.497Z error: Cast to ObjectId failed for value "undefined" (type string) at path "_id" for model "Vendor"
2023-07-14T15:22:10.499Z error: STACK: 
2023-07-14T16:51:58.922Z info: Database connection established
2023-07-14T17:21:01.663Z error: Operation `bills.find()` buffering timed out after 10000ms
2023-07-14T17:21:01.668Z error: STACK: 
2023-07-14T17:21:01.836Z info: Database connection established
2023-07-14T17:29:23.750Z info: Database connection established
2023-07-14T17:29:42.394Z info: Database connection established
2023-07-14T17:31:43.977Z info: Database connection established
2023-07-14T17:32:40.600Z info: Database connection established
2023-07-14T17:33:25.044Z info: Database connection established
2023-07-14T17:34:27.972Z info: Database connection established
2023-07-14T17:34:50.949Z info: Database connection established
2023-07-14T17:35:13.752Z info: Database connection established
2023-07-14T17:35:29.820Z info: Database connection established
2023-07-14T17:36:27.460Z info: Database connection established
2023-07-14T17:36:54.530Z info: Database connection established
2023-07-14T17:37:39.638Z info: Database connection established
2023-07-14T17:38:04.584Z info: Database connection established
2023-07-14T17:38:27.121Z info: Database connection established
2023-07-14T17:38:49.231Z info: Database connection established
2023-07-14T17:39:22.038Z info: Database connection established
2023-07-14T17:40:53.378Z info: Database connection established
2023-07-14T18:13:01.292Z error: Operation `paymentaccounts.find()` buffering timed out after 10000ms
2023-07-14T18:13:01.296Z error: STACK: 
2023-07-14T18:13:01.301Z error: Operation `paymentmethods.find()` buffering timed out after 10000ms
2023-07-14T18:13:01.302Z error: STACK: 
2023-07-14T18:13:01.303Z error: Operation `bills.find()` buffering timed out after 10000ms
2023-07-14T18:13:01.303Z error: STACK: 
2023-07-14T18:13:02.262Z info: Database connection established
2023-07-14T18:17:47.004Z info: Database connection established
2023-07-14T18:18:17.960Z info: Database connection established
2023-07-14T18:46:16.405Z info: Database connection established
2023-07-14T18:48:50.925Z info: Database connection established
2023-07-14T18:48:52.991Z error: Cannot populate path `paymentRecords` because it is not in your schema. Set the `strictPopulate` option to false to override.
2023-07-14T18:48:52.995Z error: STACK: 
2023-07-14T18:48:54.254Z error: Cannot populate path `paymentRecords` because it is not in your schema. Set the `strictPopulate` option to false to override.
2023-07-14T18:48:54.255Z error: STACK: 
2023-07-14T18:49:34.813Z info: Database connection established
