2023-07-07T12:09:24.232Z info: Database connection established
2023-07-07T12:27:48.713Z info: Database connection established
2023-07-07T12:31:41.755Z info: Database connection established
2023-07-07T12:32:21.300Z info: Database connection established
2023-07-07T12:33:56.032Z info: Database connection established
2023-07-07T12:34:23.856Z info: Database connection established
2023-07-07T12:35:35.742Z info: Database connection established
2023-07-07T12:36:00.973Z info: Database connection established
2023-07-07T12:36:19.171Z info: Database connection established
2023-07-07T12:36:49.436Z info: Database connection established
2023-07-07T12:37:55.381Z info: Database connection established
2023-07-07T12:42:58.557Z info: Database connection established
2023-07-07T12:45:00.995Z info: Database connection established
2023-07-07T12:46:34.868Z info: Database connection established
2023-07-07T12:47:12.000Z info: Database connection established
2023-07-07T12:47:31.222Z info: Database connection established
2023-07-07T12:48:16.194Z info: Database connection established
2023-07-07T12:49:56.158Z info: Database connection established
2023-07-07T12:50:23.408Z info: Database connection established
2023-07-07T12:51:01.948Z info: Database connection established
2023-07-07T13:01:36.069Z info: Database connection established
2023-07-07T13:09:15.955Z info: Database connection established
2023-07-07T13:10:31.837Z info: Database connection established
2023-07-07T13:12:08.007Z info: Database connection established
2023-07-07T13:12:40.680Z info: Database connection established
2023-07-07T13:13:50.956Z info: Database connection established
2023-07-07T13:14:33.923Z info: Database connection established
2023-07-07T13:15:26.077Z info: Database connection established
2023-07-07T13:17:29.799Z info: Database connection established
2023-07-07T13:18:16.980Z info: Database connection established
2023-07-07T13:18:37.387Z info: Database connection established
2023-07-07T13:19:36.073Z info: Database connection established
2023-07-07T13:20:12.624Z info: Database connection established
2023-07-07T13:20:31.259Z info: Database connection established
2023-07-07T13:22:36.393Z info: Database connection established
2023-07-07T13:23:24.447Z info: Database connection established
2023-07-07T13:23:49.027Z info: Database connection established
2023-07-07T13:26:27.844Z info: Database connection established
2023-07-07T13:26:45.735Z info: Database connection established
2023-07-07T13:27:33.899Z info: Database connection established
2023-07-07T13:28:04.380Z info: Database connection established
2023-07-07T13:37:50.763Z info: Database connection established
2023-07-07T13:40:37.960Z info: Database connection established
2023-07-07T13:41:01.119Z info: Database connection established
2023-07-07T13:41:26.584Z info: Database connection established
2023-07-07T13:41:57.749Z info: Database connection established
2023-07-07T13:42:25.708Z info: Database connection established
2023-07-07T13:43:10.433Z info: Database connection established
2023-07-07T13:44:39.521Z info: Database connection established
2023-07-07T13:45:12.568Z info: Database connection established
2023-07-07T13:46:14.522Z info: Database connection established
2023-07-07T13:46:33.490Z info: Database connection established
2023-07-07T13:46:54.111Z info: Database connection established
2023-07-07T13:47:22.893Z info: Database connection established
2023-07-07T13:47:53.873Z info: Database connection established
2023-07-07T13:49:03.249Z info: Database connection established
2023-07-07T13:49:31.596Z info: Database connection established
2023-07-07T13:50:24.701Z info: Database connection established
2023-07-07T13:51:36.781Z info: Database connection established
2023-07-07T13:52:31.010Z info: Database connection established
2023-07-07T13:53:26.139Z info: Database connection established
2023-07-07T14:03:11.713Z info: Database connection established
2023-07-07T14:03:31.314Z info: Database connection established
2023-07-07T14:03:53.809Z info: Database connection established
2023-07-07T14:04:37.785Z info: Database connection established
2023-07-07T14:05:04.052Z info: Database connection established
2023-07-07T14:07:08.586Z info: Database connection established
2023-07-07T14:07:29.404Z info: Database connection established
2023-07-07T14:07:44.824Z info: Database connection established
2023-07-07T14:08:25.901Z info: Database connection established
2023-07-07T14:08:56.311Z info: Database connection established
2023-07-07T14:09:16.251Z info: Database connection established
2023-07-07T14:10:17.574Z info: Database connection established
2023-07-07T14:10:33.051Z info: Database connection established
2023-07-07T14:11:09.430Z info: Database connection established
2023-07-07T14:12:54.369Z info: Database connection established
2023-07-07T14:15:18.888Z info: Database connection established
2023-07-07T14:16:47.310Z info: Database connection established
2023-07-07T14:19:09.013Z info: Database connection established
2023-07-07T14:19:49.143Z info: Database connection established
2023-07-07T14:20:13.885Z info: Database connection established
2023-07-07T14:20:38.003Z info: Database connection established
2023-07-07T14:21:20.789Z info: Database connection established
2023-07-07T14:21:44.464Z info: Database connection established
2023-07-07T14:22:16.922Z info: Database connection established
2023-07-07T14:22:44.366Z info: Database connection established
2023-07-07T14:23:46.153Z info: Database connection established
2023-07-07T14:24:36.547Z info: Database connection established
2023-07-07T14:25:50.808Z info: Database connection established
2023-07-07T14:26:22.222Z info: Database connection established
2023-07-07T14:26:52.443Z info: Database connection established
2023-07-07T14:28:28.461Z info: Database connection established
2023-07-07T14:28:49.401Z info: Database connection established
2023-07-07T14:29:27.215Z info: Database connection established
2023-07-07T14:29:52.182Z info: Database connection established
2023-07-07T14:40:47.691Z info: Database connection established
2023-07-07T14:47:27.459Z info: Database connection established
2023-07-07T14:52:52.926Z info: Database connection established
2023-07-07T14:57:01.257Z info: Database connection established
2023-07-07T14:57:52.294Z info: Database connection established
2023-07-07T14:58:27.278Z info: Database connection established
2023-07-07T14:59:02.238Z info: Database connection established
2023-07-07T14:59:33.911Z info: Database connection established
2023-07-07T15:00:07.378Z info: Database connection established
2023-07-07T15:00:44.973Z info: Database connection established
2023-07-07T15:01:29.273Z info: Database connection established
2023-07-07T15:02:13.673Z info: Database connection established
2023-07-07T15:05:24.580Z info: Database connection established
2023-07-07T15:06:58.465Z info: Database connection established
2023-07-07T15:07:14.174Z info: Database connection established
2023-07-07T15:07:30.442Z info: Database connection established
2023-07-07T15:09:55.577Z info: Database connection established
2023-07-07T15:10:56.124Z info: Database connection established
2023-07-07T15:12:10.038Z info: Database connection established
2023-07-07T15:12:52.868Z info: Database connection established
2023-07-07T15:13:38.001Z info: Database connection established
2023-07-07T15:14:22.919Z info: Database connection established
2023-07-07T15:15:10.345Z info: Database connection established
2023-07-07T15:15:59.405Z info: Database connection established
2023-07-07T15:16:58.658Z info: Database connection established
2023-07-07T15:17:21.763Z info: Database connection established
2023-07-07T15:17:42.101Z info: Database connection established
2023-07-07T15:18:08.980Z info: Database connection established
2023-07-07T15:19:48.721Z info: Database connection established
2023-07-07T15:20:20.708Z info: Database connection established
2023-07-07T15:28:37.561Z info: Database connection established
2023-07-07T15:29:38.340Z info: Database connection established
2023-07-07T15:31:51.183Z info: Database connection established
2023-07-07T15:33:23.953Z info: Database connection established
2023-07-07T15:36:06.963Z info: Database connection established
2023-07-07T15:36:44.331Z info: Database connection established
2023-07-07T15:41:53.572Z info: Database connection established
2023-07-07T15:43:35.399Z info: Database connection established
2023-07-07T15:44:44.606Z info: Database connection established
2023-07-07T15:45:15.550Z info: Database connection established
2023-07-07T15:58:55.392Z info: Database connection established
2023-07-07T16:17:56.404Z info: Database connection established
2023-07-07T16:23:59.914Z info: Database connection established
2023-07-07T16:34:06.274Z info: Database connection established
2023-07-07T16:36:26.508Z info: Database connection established
2023-07-07T16:37:29.314Z error: E11000 duplicate key error collection: car-rental-app.users index: email_1 dup key: { email: "saadullahkhx@gmail.com" }
2023-07-07T16:37:29.334Z error: STACK: 
2023-07-07T16:40:54.512Z error: Invalid Email/Password
2023-07-07T16:40:54.514Z error: STACK: 
2023-07-07T16:41:03.735Z error: Invalid Email/Password
2023-07-07T16:41:03.736Z error: STACK: 
2023-07-07T16:43:14.416Z info: Database connection established
2023-07-07T16:43:56.620Z error: Item validation failed: make: Make is required
2023-07-07T16:43:56.623Z error: STACK: 
2023-07-07T16:46:47.214Z error: Item not found
2023-07-07T16:46:47.221Z error: STACK: 
2023-07-07T16:51:07.651Z info: Database connection established
2023-07-07T16:57:45.436Z info: Database connection established
2023-07-07T16:58:13.481Z info: Database connection established
2023-07-07T16:58:46.339Z info: Database connection established
2023-07-07T16:59:57.010Z error: Cast to ObjectId failed for value "" (type string) at path "_id" for model "Customer"
2023-07-07T16:59:57.015Z error: STACK: 
2023-07-07T17:17:08.717Z info: Database connection established
2023-07-07T17:17:29.248Z info: Database connection established
2023-07-07T17:22:22.566Z info: Database connection established
2023-07-07T17:23:54.316Z info: Database connection established
2023-07-07T17:25:11.634Z info: Database connection established
2023-07-07T17:29:31.507Z info: Database connection established
2023-07-07T17:31:08.871Z info: Database connection established
2023-07-07T17:43:07.975Z info: Database connection established
2023-07-07T17:43:51.356Z info: Database connection established
2023-07-07T17:46:40.440Z info: Database connection established
2023-07-07T17:51:45.571Z error: Customer not found
2023-07-07T17:51:45.578Z error: STACK: 
2023-07-07T17:53:38.900Z error: Invoice not found
2023-07-07T17:53:38.901Z error: STACK: 
2023-07-07T17:56:23.540Z info: Database connection established
2023-07-07T17:57:58.484Z info: Database connection established
2023-07-07T17:58:15.694Z error: Cast to ObjectId failed for value "0" (type number) at path "invoiceHistory" because of "BSONError"
2023-07-07T17:58:15.699Z error: STACK: 
2023-07-07T17:58:40.443Z info: Database connection established
2023-07-07T18:02:50.914Z info: Database connection established
2023-07-07T18:03:42.738Z info: Database connection established
2023-07-07T18:04:07.870Z info: Database connection established
2023-07-07T18:05:32.795Z info: Database connection established
2023-07-07T18:07:27.270Z info: Database connection established
2023-07-07T18:39:14.815Z info: Database connection established
2023-07-07T18:43:00.904Z info: Database connection established
2023-07-07T18:52:53.545Z info: Database connection established
2023-07-07T18:53:28.498Z info: Database connection established
2023-07-07T18:54:44.020Z error: Item not found
2023-07-07T18:54:44.027Z error: STACK: 
