2023-07-25T21:45:26.817Z error: CONNECTION STRING is not valid.
2023-07-25T21:46:07.203Z error: CONNECTION STRING is not valid.
2023-07-25T21:46:53.129Z error: Operation `users.findOne()` buffering timed out after 10000ms
2023-07-25T21:46:53.143Z error: STACK: 
2023-07-25T21:49:51.037Z info: Database connection established
2023-07-25T21:50:53.771Z info: Database connection established
2023-07-25T22:15:24.704Z info: Database connection established
2023-07-25T22:20:10.203Z info: Database connection established
2023-07-25T22:21:22.764Z error: Customer validation failed: drivinglicense: Cast to embedded failed for value "images" (type string) at path "drivinglicense" because of "ObjectParameterError"
2023-07-25T22:21:22.774Z error: STACK: 
2023-07-25T22:23:40.348Z error: Customer validation failed: name: Customer field is required
2023-07-25T22:23:40.350Z error: STACK: 
2023-07-25T22:24:10.371Z error: Customer validation failed: drivinglicense: Parameter "obj" to Document() must be an object, got "" (type string)
2023-07-25T22:24:10.372Z error: STACK: 
2023-07-25T22:24:17.191Z error: Unexpected token } in JSON at position 246
2023-07-25T22:24:17.191Z error: STACK: 
2023-07-25T22:26:40.112Z info: Database connection established
2023-07-25T22:29:24.431Z info: Database connection established
2023-07-25T22:32:23.197Z info: Database connection established
2023-07-25T22:33:36.190Z info: Database connection established
2023-07-25T22:39:31.966Z info: Database connection established
2023-07-25T22:43:13.308Z info: Database connection established
2023-07-25T22:51:41.507Z info: Database connection established
2023-07-25T22:53:11.254Z info: Database connection established
2023-07-25T22:53:22.835Z info: Database connection established
2023-07-25T23:12:03.415Z info: Database connection established
2023-07-25T23:12:23.998Z info: Database connection established
2023-07-25T23:13:09.970Z error: Customer validation failed: lastName: Customer field is required, firstName: Customer field is required, name: Customer field is required
2023-07-25T23:13:09.976Z error: STACK: 
2023-07-25T23:13:11.843Z error: Customer validation failed: lastName: Customer field is required, firstName: Customer field is required, name: Customer field is required
2023-07-25T23:13:11.843Z error: STACK: 
2023-07-25T23:14:14.979Z error: Customer validation failed: lastName: Customer field is required, firstName: Customer field is required, name: Customer field is required
2023-07-25T23:14:14.979Z error: STACK: 
2023-07-25T23:23:54.982Z error: Customer validation failed: lastName: Customer field is required, firstName: Customer field is required, name: Customer field is required
2023-07-25T23:23:54.982Z error: STACK: 
2023-07-26T00:03:18.318Z error: Please enter email and password
2023-07-26T00:03:18.326Z error: STACK: 
