2023-07-06T16:08:47.912Z info: Database connection established
2023-07-06T16:09:10.069Z info: Database connection established
2023-07-06T16:09:36.287Z info: Database connection established
2023-07-06T16:09:50.918Z info: Database connection established
2023-07-06T16:10:16.676Z info: Database connection established
2023-07-06T16:10:44.932Z info: Database connection established
2023-07-06T17:10:08.549Z info: Database connection established
2023-07-06T17:11:16.571Z info: Database connection established
2023-07-06T17:11:39.343Z info: Database connection established
2023-07-06T17:12:33.780Z info: Database connection established
2023-07-06T17:17:21.076Z info: Database connection established
2023-07-06T17:18:11.188Z error: Unexpected token } in JSON at position 128
2023-07-06T17:18:11.188Z error: STACK: 
2023-07-06T17:18:18.713Z error: User validation failed: fullName: Name is required
2023-07-06T17:18:18.715Z error: STACK: 
2023-07-06T17:19:04.565Z info: Database connection established
2023-07-06T17:19:09.867Z error: Forbidden
2023-07-06T17:19:09.871Z error: STACK: 
2023-07-06T17:20:22.668Z info: Database connection established
2023-07-06T17:20:28.448Z error: Forbidden
2023-07-06T17:20:28.453Z error: STACK: 
2023-07-06T17:21:02.720Z info: Database connection established
2023-07-06T17:21:11.691Z error: Forbidden
2023-07-06T17:21:11.695Z error: STACK: 
2023-07-06T17:21:53.669Z info: Database connection established
2023-07-06T17:22:02.977Z error: Forbidden
2023-07-06T17:22:02.981Z error: STACK: 
2023-07-06T17:22:33.955Z info: Database connection established
2023-07-06T17:22:42.783Z error: Forbidden
2023-07-06T17:22:42.789Z error: STACK: 
2023-07-06T17:26:09.864Z info: Database connection established
2023-07-06T17:26:17.314Z error: Forbidden
2023-07-06T17:26:17.318Z error: STACK: 
2023-07-06T17:28:36.613Z info: Database connection established
2023-07-06T17:29:18.844Z info: Database connection established
2023-07-06T17:29:46.633Z info: Database connection established
2023-07-06T17:32:54.120Z info: Database connection established
2023-07-06T17:35:15.521Z info: Database connection established
2023-07-06T17:37:46.671Z info: Database connection established
2023-07-06T17:40:39.884Z info: Database connection established
2023-07-06T17:41:37.042Z info: Database connection established
2023-07-06T17:41:56.230Z info: Database connection established
2023-07-06T17:46:00.279Z info: Database connection established
2023-07-06T17:48:01.383Z info: Database connection established
2023-07-06T17:52:30.757Z info: Database connection established
2023-07-06T18:06:25.853Z info: Database connection established
2023-07-06T18:06:55.793Z info: Database connection established
2023-07-06T18:08:11.224Z info: Database connection established
2023-07-06T18:09:46.950Z info: Database connection established
2023-07-06T18:10:43.135Z info: Database connection established
2023-07-06T18:12:08.620Z info: Database connection established
2023-07-06T18:12:36.456Z info: Database connection established
2023-07-06T18:14:45.592Z info: Database connection established
